{"C:\\Users\\indra\\Documents\\node js\\NodeJs Rest Api\\src\\application\\database.js": {"path":"C:\\Users\\indra\\Documents\\node js\\NodeJs Rest Api\\src\\application\\database.js","statementMap":{"0":{"start":{"line":4,"column":28},"end":{"line":24,"column":2}},"1":{"start":{"line":26,"column":0},"end":{"line":28,"column":2}},"2":{"start":{"line":27,"column":2},"end":{"line":27,"column":18}},"3":{"start":{"line":29,"column":0},"end":{"line":31,"column":2}},"4":{"start":{"line":30,"column":2},"end":{"line":30,"column":17}},"5":{"start":{"line":32,"column":0},"end":{"line":34,"column":2}},"6":{"start":{"line":33,"column":2},"end":{"line":33,"column":17}},"7":{"start":{"line":35,"column":0},"end":{"line":37,"column":2}},"8":{"start":{"line":36,"column":2},"end":{"line":36,"column":17}}},"fnMap":{"0":{"name":"(anonymous_0)","decl":{"start":{"line":26,"column":26},"end":{"line":26,"column":27}},"loc":{"start":{"line":26,"column":33},"end":{"line":28,"column":1}},"line":26},"1":{"name":"(anonymous_1)","decl":{"start":{"line":29,"column":25},"end":{"line":29,"column":26}},"loc":{"start":{"line":29,"column":32},"end":{"line":31,"column":1}},"line":29},"2":{"name":"(anonymous_2)","decl":{"start":{"line":32,"column":26},"end":{"line":32,"column":27}},"loc":{"start":{"line":32,"column":33},"end":{"line":34,"column":1}},"line":32},"3":{"name":"(anonymous_3)","decl":{"start":{"line":35,"column":25},"end":{"line":35,"column":26}},"loc":{"start":{"line":35,"column":32},"end":{"line":37,"column":1}},"line":35}},"branchMap":{},"s":{"0":3,"1":3,"2":0,"3":3,"4":3,"5":3,"6":1022,"7":3,"8":0},"f":{"0":0,"1":3,"2":1022,"3":0},"b":{},"_coverageSchema":"1a1c01bbd47fc00a2c39e90264f33305004495a9","hash":"414fbe927252a1c8b0761b9f7497b8310259531d"}
,"C:\\Users\\indra\\Documents\\node js\\NodeJs Rest Api\\src\\application\\logging.js": {"path":"C:\\Users\\indra\\Documents\\node js\\NodeJs Rest Api\\src\\application\\logging.js","statementMap":{"0":{"start":{"line":3,"column":22},"end":{"line":15,"column":2}}},"fnMap":{},"branchMap":{},"s":{"0":3},"f":{},"b":{},"_coverageSchema":"1a1c01bbd47fc00a2c39e90264f33305004495a9","hash":"c8001347b105819f04ed9417c446392052e81d2e"}
,"C:\\Users\\indra\\Documents\\node js\\NodeJs Rest Api\\src\\application\\web.js": {"path":"C:\\Users\\indra\\Documents\\node js\\NodeJs Rest Api\\src\\application\\web.js","statementMap":{"0":{"start":{"line":6,"column":19},"end":{"line":6,"column":28}},"1":{"start":{"line":9,"column":0},"end":{"line":9,"column":24}},"2":{"start":{"line":12,"column":0},"end":{"line":12,"column":21}},"3":{"start":{"line":15,"column":0},"end":{"line":15,"column":20}},"4":{"start":{"line":18,"column":0},"end":{"line":18,"column":25}}},"fnMap":{},"branchMap":{},"s":{"0":3,"1":3,"2":3,"3":3,"4":3},"f":{},"b":{},"_coverageSchema":"1a1c01bbd47fc00a2c39e90264f33305004495a9","hash":"ee410b4ab68ee22c66ae70a51afb1b5215612abb"}
,"C:\\Users\\indra\\Documents\\node js\\NodeJs Rest Api\\src\\controller\\address-controller.js": {"path":"C:\\Users\\indra\\Documents\\node js\\NodeJs Rest Api\\src\\controller\\address-controller.js","statementMap":{"0":{"start":{"line":3,"column":15},"end":{"line":17,"column":1}},"1":{"start":{"line":4,"column":2},"end":{"line":16,"column":3}},"2":{"start":{"line":5,"column":17},"end":{"line":5,"column":25}},"3":{"start":{"line":6,"column":22},"end":{"line":6,"column":42}},"4":{"start":{"line":7,"column":20},"end":{"line":7,"column":28}},"5":{"start":{"line":9,"column":19},"end":{"line":9,"column":72}},"6":{"start":{"line":11,"column":4},"end":{"line":13,"column":7}},"7":{"start":{"line":15,"column":4},"end":{"line":15,"column":12}},"8":{"start":{"line":19,"column":12},"end":{"line":33,"column":1}},"9":{"start":{"line":20,"column":2},"end":{"line":32,"column":3}},"10":{"start":{"line":21,"column":17},"end":{"line":21,"column":25}},"11":{"start":{"line":22,"column":22},"end":{"line":22,"column":42}},"12":{"start":{"line":23,"column":22},"end":{"line":23,"column":42}},"13":{"start":{"line":25,"column":19},"end":{"line":25,"column":71}},"14":{"start":{"line":27,"column":4},"end":{"line":29,"column":7}},"15":{"start":{"line":31,"column":4},"end":{"line":31,"column":12}},"16":{"start":{"line":35,"column":15},"end":{"line":50,"column":1}},"17":{"start":{"line":36,"column":2},"end":{"line":49,"column":3}},"18":{"start":{"line":37,"column":17},"end":{"line":37,"column":25}},"19":{"start":{"line":38,"column":22},"end":{"line":38,"column":42}},"20":{"start":{"line":39,"column":20},"end":{"line":39,"column":28}},"21":{"start":{"line":40,"column":4},"end":{"line":40,"column":38}},"22":{"start":{"line":42,"column":19},"end":{"line":42,"column":72}},"23":{"start":{"line":44,"column":4},"end":{"line":46,"column":7}},"24":{"start":{"line":48,"column":4},"end":{"line":48,"column":12}},"25":{"start":{"line":52,"column":15},"end":{"line":66,"column":1}},"26":{"start":{"line":53,"column":2},"end":{"line":65,"column":3}},"27":{"start":{"line":54,"column":17},"end":{"line":54,"column":25}},"28":{"start":{"line":55,"column":22},"end":{"line":55,"column":42}},"29":{"start":{"line":56,"column":22},"end":{"line":56,"column":42}},"30":{"start":{"line":58,"column":4},"end":{"line":58,"column":60}},"31":{"start":{"line":60,"column":4},"end":{"line":62,"column":7}},"32":{"start":{"line":64,"column":4},"end":{"line":64,"column":12}},"33":{"start":{"line":68,"column":13},"end":{"line":81,"column":1}},"34":{"start":{"line":69,"column":2},"end":{"line":80,"column":3}},"35":{"start":{"line":70,"column":17},"end":{"line":70,"column":25}},"36":{"start":{"line":71,"column":22},"end":{"line":71,"column":42}},"37":{"start":{"line":73,"column":19},"end":{"line":73,"column":61}},"38":{"start":{"line":75,"column":4},"end":{"line":77,"column":7}},"39":{"start":{"line":79,"column":4},"end":{"line":79,"column":12}}},"fnMap":{"0":{"name":"(anonymous_0)","decl":{"start":{"line":3,"column":15},"end":{"line":3,"column":16}},"loc":{"start":{"line":3,"column":41},"end":{"line":17,"column":1}},"line":3},"1":{"name":"(anonymous_1)","decl":{"start":{"line":19,"column":12},"end":{"line":19,"column":13}},"loc":{"start":{"line":19,"column":38},"end":{"line":33,"column":1}},"line":19},"2":{"name":"(anonymous_2)","decl":{"start":{"line":35,"column":15},"end":{"line":35,"column":16}},"loc":{"start":{"line":35,"column":41},"end":{"line":50,"column":1}},"line":35},"3":{"name":"(anonymous_3)","decl":{"start":{"line":52,"column":15},"end":{"line":52,"column":16}},"loc":{"start":{"line":52,"column":41},"end":{"line":66,"column":1}},"line":52},"4":{"name":"(anonymous_4)","decl":{"start":{"line":68,"column":13},"end":{"line":68,"column":14}},"loc":{"start":{"line":68,"column":39},"end":{"line":81,"column":1}},"line":68}},"branchMap":{},"s":{"0":3,"1":3,"2":3,"3":3,"4":3,"5":3,"6":1,"7":2,"8":3,"9":3,"10":3,"11":3,"12":3,"13":3,"14":1,"15":2,"16":3,"17":4,"18":4,"19":4,"20":4,"21":4,"22":4,"23":1,"24":3,"25":3,"26":3,"27":3,"28":3,"29":3,"30":3,"31":1,"32":2,"33":3,"34":2,"35":2,"36":2,"37":2,"38":1,"39":1},"f":{"0":3,"1":3,"2":4,"3":3,"4":2},"b":{},"_coverageSchema":"1a1c01bbd47fc00a2c39e90264f33305004495a9","hash":"1175d31bb379675e74a9cebddb2842ed2ff991fc"}
,"C:\\Users\\indra\\Documents\\node js\\NodeJs Rest Api\\src\\controller\\contact-controller.js": {"path":"C:\\Users\\indra\\Documents\\node js\\NodeJs Rest Api\\src\\controller\\contact-controller.js","statementMap":{"0":{"start":{"line":4,"column":15},"end":{"line":14,"column":1}},"1":{"start":{"line":5,"column":2},"end":{"line":13,"column":3}},"2":{"start":{"line":6,"column":19},"end":{"line":6,"column":66}},"3":{"start":{"line":8,"column":4},"end":{"line":10,"column":6}},"4":{"start":{"line":12,"column":4},"end":{"line":12,"column":11}},"5":{"start":{"line":16,"column":12},"end":{"line":28,"column":1}},"6":{"start":{"line":17,"column":2},"end":{"line":27,"column":3}},"7":{"start":{"line":18,"column":17},"end":{"line":18,"column":25}},"8":{"start":{"line":19,"column":22},"end":{"line":19,"column":42}},"9":{"start":{"line":20,"column":19},"end":{"line":20,"column":60}},"10":{"start":{"line":22,"column":4},"end":{"line":24,"column":6}},"11":{"start":{"line":26,"column":4},"end":{"line":26,"column":12}},"12":{"start":{"line":30,"column":15},"end":{"line":45,"column":1}},"13":{"start":{"line":31,"column":2},"end":{"line":44,"column":3}},"14":{"start":{"line":32,"column":17},"end":{"line":32,"column":25}},"15":{"start":{"line":33,"column":22},"end":{"line":33,"column":42}},"16":{"start":{"line":34,"column":20},"end":{"line":34,"column":28}},"17":{"start":{"line":35,"column":4},"end":{"line":35,"column":27}},"18":{"start":{"line":37,"column":19},"end":{"line":37,"column":61}},"19":{"start":{"line":39,"column":4},"end":{"line":41,"column":7}},"20":{"start":{"line":43,"column":4},"end":{"line":43,"column":12}},"21":{"start":{"line":47,"column":15},"end":{"line":59,"column":1}},"22":{"start":{"line":48,"column":2},"end":{"line":58,"column":3}},"23":{"start":{"line":49,"column":17},"end":{"line":49,"column":25}},"24":{"start":{"line":50,"column":22},"end":{"line":50,"column":42}},"25":{"start":{"line":51,"column":4},"end":{"line":51,"column":49}},"26":{"start":{"line":53,"column":4},"end":{"line":55,"column":6}},"27":{"start":{"line":57,"column":4},"end":{"line":57,"column":11}},"28":{"start":{"line":61,"column":15},"end":{"line":81,"column":1}},"29":{"start":{"line":62,"column":2},"end":{"line":80,"column":3}},"30":{"start":{"line":63,"column":17},"end":{"line":63,"column":25}},"31":{"start":{"line":64,"column":20},"end":{"line":70,"column":5}},"32":{"start":{"line":72,"column":19},"end":{"line":72,"column":61}},"33":{"start":{"line":74,"column":4},"end":{"line":77,"column":6}},"34":{"start":{"line":79,"column":4},"end":{"line":79,"column":11}}},"fnMap":{"0":{"name":"(anonymous_0)","decl":{"start":{"line":4,"column":15},"end":{"line":4,"column":16}},"loc":{"start":{"line":4,"column":41},"end":{"line":14,"column":1}},"line":4},"1":{"name":"(anonymous_1)","decl":{"start":{"line":16,"column":12},"end":{"line":16,"column":13}},"loc":{"start":{"line":16,"column":38},"end":{"line":28,"column":1}},"line":16},"2":{"name":"(anonymous_2)","decl":{"start":{"line":30,"column":15},"end":{"line":30,"column":16}},"loc":{"start":{"line":30,"column":41},"end":{"line":45,"column":1}},"line":30},"3":{"name":"(anonymous_3)","decl":{"start":{"line":47,"column":15},"end":{"line":47,"column":16}},"loc":{"start":{"line":47,"column":41},"end":{"line":59,"column":1}},"line":47},"4":{"name":"(anonymous_4)","decl":{"start":{"line":61,"column":15},"end":{"line":61,"column":16}},"loc":{"start":{"line":61,"column":41},"end":{"line":81,"column":1}},"line":61}},"branchMap":{},"s":{"0":3,"1":2,"2":2,"3":1,"4":1,"5":3,"6":2,"7":2,"8":2,"9":2,"10":1,"11":1,"12":3,"13":3,"14":3,"15":3,"16":3,"17":3,"18":3,"19":1,"20":2,"21":3,"22":2,"23":2,"24":2,"25":2,"26":1,"27":1,"28":3,"29":5,"30":5,"31":5,"32":5,"33":5,"34":0},"f":{"0":2,"1":2,"2":3,"3":2,"4":5},"b":{},"_coverageSchema":"1a1c01bbd47fc00a2c39e90264f33305004495a9","hash":"b786a480f94fd20eab17224f6dea763d9b1554db"}
,"C:\\Users\\indra\\Documents\\node js\\NodeJs Rest Api\\src\\controller\\user-controller.js": {"path":"C:\\Users\\indra\\Documents\\node js\\NodeJs Rest Api\\src\\controller\\user-controller.js","statementMap":{"0":{"start":{"line":3,"column":17},"end":{"line":13,"column":1}},"1":{"start":{"line":4,"column":2},"end":{"line":12,"column":3}},"2":{"start":{"line":5,"column":19},"end":{"line":5,"column":55}},"3":{"start":{"line":7,"column":4},"end":{"line":9,"column":6}},"4":{"start":{"line":11,"column":4},"end":{"line":11,"column":12}},"5":{"start":{"line":15,"column":14},"end":{"line":25,"column":1}},"6":{"start":{"line":16,"column":2},"end":{"line":24,"column":3}},"7":{"start":{"line":17,"column":19},"end":{"line":17,"column":52}},"8":{"start":{"line":19,"column":4},"end":{"line":21,"column":7}},"9":{"start":{"line":23,"column":4},"end":{"line":23,"column":12}},"10":{"start":{"line":27,"column":12},"end":{"line":38,"column":1}},"11":{"start":{"line":28,"column":2},"end":{"line":37,"column":3}},"12":{"start":{"line":29,"column":21},"end":{"line":29,"column":38}},"13":{"start":{"line":30,"column":19},"end":{"line":30,"column":50}},"14":{"start":{"line":32,"column":4},"end":{"line":34,"column":7}},"15":{"start":{"line":36,"column":4},"end":{"line":36,"column":11}},"16":{"start":{"line":40,"column":15},"end":{"line":52,"column":1}},"17":{"start":{"line":41,"column":2},"end":{"line":51,"column":3}},"18":{"start":{"line":42,"column":4},"end":{"line":42,"column":42}},"19":{"start":{"line":44,"column":19},"end":{"line":44,"column":53}},"20":{"start":{"line":46,"column":4},"end":{"line":48,"column":6}},"21":{"start":{"line":50,"column":4},"end":{"line":50,"column":12}},"22":{"start":{"line":54,"column":15},"end":{"line":65,"column":1}},"23":{"start":{"line":55,"column":2},"end":{"line":64,"column":3}},"24":{"start":{"line":56,"column":21},"end":{"line":56,"column":38}},"25":{"start":{"line":57,"column":4},"end":{"line":57,"column":39}},"26":{"start":{"line":59,"column":4},"end":{"line":61,"column":7}},"27":{"start":{"line":63,"column":4},"end":{"line":63,"column":12}}},"fnMap":{"0":{"name":"(anonymous_0)","decl":{"start":{"line":3,"column":17},"end":{"line":3,"column":18}},"loc":{"start":{"line":3,"column":43},"end":{"line":13,"column":1}},"line":3},"1":{"name":"(anonymous_1)","decl":{"start":{"line":15,"column":14},"end":{"line":15,"column":15}},"loc":{"start":{"line":15,"column":40},"end":{"line":25,"column":1}},"line":15},"2":{"name":"(anonymous_2)","decl":{"start":{"line":27,"column":12},"end":{"line":27,"column":13}},"loc":{"start":{"line":27,"column":38},"end":{"line":38,"column":1}},"line":27},"3":{"name":"(anonymous_3)","decl":{"start":{"line":40,"column":15},"end":{"line":40,"column":16}},"loc":{"start":{"line":40,"column":41},"end":{"line":52,"column":1}},"line":40},"4":{"name":"(anonymous_4)","decl":{"start":{"line":54,"column":15},"end":{"line":54,"column":16}},"loc":{"start":{"line":54,"column":41},"end":{"line":65,"column":1}},"line":54}},"branchMap":{},"s":{"0":3,"1":4,"2":4,"3":2,"4":2,"5":3,"6":4,"7":4,"8":1,"9":3,"10":3,"11":1,"12":1,"13":1,"14":1,"15":0,"16":3,"17":4,"18":4,"19":4,"20":4,"21":0,"22":3,"23":1,"24":1,"25":1,"26":1,"27":0},"f":{"0":4,"1":4,"2":1,"3":4,"4":1},"b":{},"_coverageSchema":"1a1c01bbd47fc00a2c39e90264f33305004495a9","hash":"8a688e61436e1660cec2e20c283644ed5606c590"}
,"C:\\Users\\indra\\Documents\\node js\\NodeJs Rest Api\\src\\error\\response-error.js": {"path":"C:\\Users\\indra\\Documents\\node js\\NodeJs Rest Api\\src\\error\\response-error.js","statementMap":{"0":{"start":{"line":5,"column":4},"end":{"line":5,"column":19}},"1":{"start":{"line":6,"column":4},"end":{"line":6,"column":25}}},"fnMap":{"0":{"name":"(anonymous_0)","decl":{"start":{"line":4,"column":2},"end":{"line":4,"column":3}},"loc":{"start":{"line":4,"column":31},"end":{"line":7,"column":3}},"line":4}},"branchMap":{},"s":{"0":20,"1":20},"f":{"0":20},"b":{},"_coverageSchema":"1a1c01bbd47fc00a2c39e90264f33305004495a9","hash":"8701e703341c02ec3a699afabc1099744fd4e824"}
,"C:\\Users\\indra\\Documents\\node js\\NodeJs Rest Api\\src\\middleware\\auth-middleware.js": {"path":"C:\\Users\\indra\\Documents\\node js\\NodeJs Rest Api\\src\\middleware\\auth-middleware.js","statementMap":{"0":{"start":{"line":3,"column":30},"end":{"line":26,"column":1}},"1":{"start":{"line":4,"column":16},"end":{"line":4,"column":40}},"2":{"start":{"line":6,"column":2},"end":{"line":25,"column":3}},"3":{"start":{"line":7,"column":4},"end":{"line":9,"column":7}},"4":{"start":{"line":11,"column":17},"end":{"line":15,"column":6}},"5":{"start":{"line":17,"column":4},"end":{"line":24,"column":5}},"6":{"start":{"line":18,"column":6},"end":{"line":20,"column":9}},"7":{"start":{"line":22,"column":6},"end":{"line":22,"column":22}},"8":{"start":{"line":23,"column":6},"end":{"line":23,"column":13}}},"fnMap":{"0":{"name":"(anonymous_0)","decl":{"start":{"line":3,"column":30},"end":{"line":3,"column":31}},"loc":{"start":{"line":3,"column":56},"end":{"line":26,"column":1}},"line":3}},"branchMap":{"0":{"loc":{"start":{"line":6,"column":2},"end":{"line":25,"column":3}},"type":"if","locations":[{"start":{"line":6,"column":2},"end":{"line":25,"column":3}},{"start":{"line":10,"column":9},"end":{"line":25,"column":3}}],"line":6},"1":{"loc":{"start":{"line":17,"column":4},"end":{"line":24,"column":5}},"type":"if","locations":[{"start":{"line":17,"column":4},"end":{"line":24,"column":5}},{"start":{"line":21,"column":11},"end":{"line":24,"column":5}}],"line":17}},"s":{"0":3,"1":39,"2":39,"3":1,"4":38,"5":38,"6":3,"7":35,"8":35},"f":{"0":39},"b":{"0":[1,38],"1":[3,35]},"_coverageSchema":"1a1c01bbd47fc00a2c39e90264f33305004495a9","hash":"2120c94b4018933dc3c974ac208f808c7d296671"}
,"C:\\Users\\indra\\Documents\\node js\\NodeJs Rest Api\\src\\middleware\\error-middleware.js": {"path":"C:\\Users\\indra\\Documents\\node js\\NodeJs Rest Api\\src\\middleware\\error-middleware.js","statementMap":{"0":{"start":{"line":3,"column":31},"end":{"line":18,"column":1}},"1":{"start":{"line":4,"column":2},"end":{"line":7,"column":3}},"2":{"start":{"line":5,"column":4},"end":{"line":5,"column":11}},"3":{"start":{"line":6,"column":4},"end":{"line":6,"column":11}},"4":{"start":{"line":9,"column":2},"end":{"line":17,"column":3}},"5":{"start":{"line":10,"column":4},"end":{"line":12,"column":6}},"6":{"start":{"line":14,"column":4},"end":{"line":16,"column":6}}},"fnMap":{"0":{"name":"(anonymous_0)","decl":{"start":{"line":3,"column":31},"end":{"line":3,"column":32}},"loc":{"start":{"line":3,"column":56},"end":{"line":18,"column":1}},"line":3}},"branchMap":{"0":{"loc":{"start":{"line":4,"column":2},"end":{"line":7,"column":3}},"type":"if","locations":[{"start":{"line":4,"column":2},"end":{"line":7,"column":3}},{"start":{},"end":{}}],"line":4},"1":{"loc":{"start":{"line":9,"column":2},"end":{"line":17,"column":3}},"type":"if","locations":[{"start":{"line":9,"column":2},"end":{"line":17,"column":3}},{"start":{"line":13,"column":9},"end":{"line":17,"column":3}}],"line":9}},"s":{"0":3,"1":20,"2":0,"3":0,"4":20,"5":20,"6":0},"f":{"0":20},"b":{"0":[0,20],"1":[20,0]},"_coverageSchema":"1a1c01bbd47fc00a2c39e90264f33305004495a9","hash":"2e16600c0e0cfe25489126ec583dff6b873ba888"}
,"C:\\Users\\indra\\Documents\\node js\\NodeJs Rest Api\\src\\route\\api.js": {"path":"C:\\Users\\indra\\Documents\\node js\\NodeJs Rest Api\\src\\route\\api.js","statementMap":{"0":{"start":{"line":7,"column":19},"end":{"line":7,"column":35}},"1":{"start":{"line":9,"column":0},"end":{"line":9,"column":31}},"2":{"start":{"line":12,"column":0},"end":{"line":12,"column":57}},"3":{"start":{"line":13,"column":0},"end":{"line":13,"column":62}},"4":{"start":{"line":14,"column":0},"end":{"line":14,"column":62}},"5":{"start":{"line":17,"column":0},"end":{"line":17,"column":59}},"6":{"start":{"line":18,"column":0},"end":{"line":18,"column":66}},"7":{"start":{"line":19,"column":0},"end":{"line":19,"column":69}},"8":{"start":{"line":20,"column":0},"end":{"line":20,"column":72}},"9":{"start":{"line":21,"column":0},"end":{"line":21,"column":58}},"10":{"start":{"line":24,"column":0},"end":{"line":24,"column":80}},"11":{"start":{"line":25,"column":0},"end":{"line":25,"column":87}},"12":{"start":{"line":26,"column":0},"end":{"line":26,"column":90}},"13":{"start":{"line":27,"column":0},"end":{"line":27,"column":93}},"14":{"start":{"line":28,"column":0},"end":{"line":28,"column":77}}},"fnMap":{},"branchMap":{},"s":{"0":3,"1":3,"2":3,"3":3,"4":3,"5":3,"6":3,"7":3,"8":3,"9":3,"10":3,"11":3,"12":3,"13":3,"14":3},"f":{},"b":{},"_coverageSchema":"1a1c01bbd47fc00a2c39e90264f33305004495a9","hash":"56ecbfbd8a11bc17bf27b30da71ee20ac1ca7194"}
,"C:\\Users\\indra\\Documents\\node js\\NodeJs Rest Api\\src\\route\\public-api.js": {"path":"C:\\Users\\indra\\Documents\\node js\\NodeJs Rest Api\\src\\route\\public-api.js","statementMap":{"0":{"start":{"line":4,"column":20},"end":{"line":4,"column":36}},"1":{"start":{"line":6,"column":0},"end":{"line":6,"column":56}},"2":{"start":{"line":7,"column":0},"end":{"line":7,"column":59}}},"fnMap":{},"branchMap":{},"s":{"0":3,"1":3,"2":3},"f":{},"b":{},"_coverageSchema":"1a1c01bbd47fc00a2c39e90264f33305004495a9","hash":"ce2d3ac7d3885255872933e25e1a883fe3026378"}
,"C:\\Users\\indra\\Documents\\node js\\NodeJs Rest Api\\src\\service\\address-service.js": {"path":"C:\\Users\\indra\\Documents\\node js\\NodeJs Rest Api\\src\\service\\address-service.js","statementMap":{"0":{"start":{"line":7,"column":31},"end":{"line":22,"column":1}},"1":{"start":{"line":8,"column":2},"end":{"line":8,"column":58}},"2":{"start":{"line":10,"column":33},"end":{"line":15,"column":4}},"3":{"start":{"line":17,"column":2},"end":{"line":19,"column":3}},"4":{"start":{"line":18,"column":4},"end":{"line":18,"column":57}},"5":{"start":{"line":21,"column":2},"end":{"line":21,"column":19}},"6":{"start":{"line":24,"column":15},"end":{"line":41,"column":1}},"7":{"start":{"line":25,"column":2},"end":{"line":25,"column":60}},"8":{"start":{"line":27,"column":18},"end":{"line":27,"column":62}},"9":{"start":{"line":28,"column":2},"end":{"line":28,"column":32}},"10":{"start":{"line":30,"column":2},"end":{"line":40,"column":5}},"11":{"start":{"line":43,"column":12},"end":{"line":68,"column":1}},"12":{"start":{"line":44,"column":2},"end":{"line":44,"column":60}},"13":{"start":{"line":46,"column":2},"end":{"line":46,"column":58}},"14":{"start":{"line":48,"column":18},"end":{"line":61,"column":4}},"15":{"start":{"line":63,"column":2},"end":{"line":65,"column":3}},"16":{"start":{"line":64,"column":4},"end":{"line":64,"column":54}},"17":{"start":{"line":67,"column":2},"end":{"line":67,"column":17}},"18":{"start":{"line":70,"column":15},"end":{"line":105,"column":1}},"19":{"start":{"line":71,"column":2},"end":{"line":71,"column":60}},"20":{"start":{"line":72,"column":18},"end":{"line":72,"column":62}},"21":{"start":{"line":74,"column":33},"end":{"line":79,"column":4}},"22":{"start":{"line":81,"column":2},"end":{"line":83,"column":3}},"23":{"start":{"line":82,"column":4},"end":{"line":82,"column":54}},"24":{"start":{"line":85,"column":2},"end":{"line":104,"column":4}},"25":{"start":{"line":107,"column":15},"end":{"line":128,"column":1}},"26":{"start":{"line":108,"column":2},"end":{"line":108,"column":60}},"27":{"start":{"line":109,"column":2},"end":{"line":109,"column":58}},"28":{"start":{"line":111,"column":18},"end":{"line":116,"column":4}},"29":{"start":{"line":118,"column":2},"end":{"line":120,"column":3}},"30":{"start":{"line":119,"column":4},"end":{"line":119,"column":54}},"31":{"start":{"line":122,"column":2},"end":{"line":127,"column":5}},"32":{"start":{"line":130,"column":13},"end":{"line":146,"column":1}},"33":{"start":{"line":131,"column":2},"end":{"line":131,"column":60}},"34":{"start":{"line":133,"column":2},"end":{"line":145,"column":5}}},"fnMap":{"0":{"name":"(anonymous_0)","decl":{"start":{"line":7,"column":31},"end":{"line":7,"column":32}},"loc":{"start":{"line":7,"column":58},"end":{"line":22,"column":1}},"line":7},"1":{"name":"(anonymous_1)","decl":{"start":{"line":24,"column":15},"end":{"line":24,"column":16}},"loc":{"start":{"line":24,"column":51},"end":{"line":41,"column":1}},"line":24},"2":{"name":"(anonymous_2)","decl":{"start":{"line":43,"column":12},"end":{"line":43,"column":13}},"loc":{"start":{"line":43,"column":50},"end":{"line":68,"column":1}},"line":43},"3":{"name":"(anonymous_3)","decl":{"start":{"line":70,"column":15},"end":{"line":70,"column":16}},"loc":{"start":{"line":70,"column":51},"end":{"line":105,"column":1}},"line":70},"4":{"name":"(anonymous_4)","decl":{"start":{"line":107,"column":15},"end":{"line":107,"column":16}},"loc":{"start":{"line":107,"column":53},"end":{"line":128,"column":1}},"line":107},"5":{"name":"(anonymous_5)","decl":{"start":{"line":130,"column":13},"end":{"line":130,"column":14}},"loc":{"start":{"line":130,"column":40},"end":{"line":146,"column":1}},"line":130}},"branchMap":{"0":{"loc":{"start":{"line":17,"column":2},"end":{"line":19,"column":3}},"type":"if","locations":[{"start":{"line":17,"column":2},"end":{"line":19,"column":3}},{"start":{},"end":{}}],"line":17},"1":{"loc":{"start":{"line":63,"column":2},"end":{"line":65,"column":3}},"type":"if","locations":[{"start":{"line":63,"column":2},"end":{"line":65,"column":3}},{"start":{},"end":{}}],"line":63},"2":{"loc":{"start":{"line":81,"column":2},"end":{"line":83,"column":3}},"type":"if","locations":[{"start":{"line":81,"column":2},"end":{"line":83,"column":3}},{"start":{},"end":{}}],"line":81},"3":{"loc":{"start":{"line":118,"column":2},"end":{"line":120,"column":3}},"type":"if","locations":[{"start":{"line":118,"column":2},"end":{"line":120,"column":3}},{"start":{},"end":{}}],"line":118}},"s":{"0":3,"1":15,"2":15,"3":15,"4":5,"5":10,"6":3,"7":3,"8":2,"9":1,"10":1,"11":3,"12":3,"13":2,"14":2,"15":2,"16":1,"17":1,"18":3,"19":4,"20":3,"21":2,"22":2,"23":1,"24":1,"25":3,"26":3,"27":2,"28":2,"29":2,"30":1,"31":1,"32":3,"33":2,"34":1},"f":{"0":15,"1":3,"2":3,"3":4,"4":3,"5":2},"b":{"0":[5,10],"1":[1,1],"2":[1,1],"3":[1,1]},"_coverageSchema":"1a1c01bbd47fc00a2c39e90264f33305004495a9","hash":"ce84cc85e9b903c451a7a2f32df8cd6c33480192"}
,"C:\\Users\\indra\\Documents\\node js\\NodeJs Rest Api\\src\\service\\contact-service.js": {"path":"C:\\Users\\indra\\Documents\\node js\\NodeJs Rest Api\\src\\service\\contact-service.js","statementMap":{"0":{"start":{"line":6,"column":15},"end":{"line":20,"column":1}},"1":{"start":{"line":7,"column":18},"end":{"line":7,"column":62}},"2":{"start":{"line":8,"column":2},"end":{"line":8,"column":35}},"3":{"start":{"line":10,"column":2},"end":{"line":19,"column":5}},"4":{"start":{"line":22,"column":12},"end":{"line":44,"column":1}},"5":{"start":{"line":23,"column":2},"end":{"line":23,"column":58}},"6":{"start":{"line":25,"column":18},"end":{"line":37,"column":4}},"7":{"start":{"line":39,"column":2},"end":{"line":41,"column":3}},"8":{"start":{"line":40,"column":4},"end":{"line":40,"column":57}},"9":{"start":{"line":43,"column":2},"end":{"line":43,"column":17}},"10":{"start":{"line":46,"column":15},"end":{"line":79,"column":1}},"11":{"start":{"line":47,"column":18},"end":{"line":47,"column":62}},"12":{"start":{"line":49,"column":33},"end":{"line":54,"column":4}},"13":{"start":{"line":57,"column":2},"end":{"line":59,"column":3}},"14":{"start":{"line":58,"column":4},"end":{"line":58,"column":57}},"15":{"start":{"line":61,"column":2},"end":{"line":78,"column":5}},"16":{"start":{"line":81,"column":15},"end":{"line":103,"column":1}},"17":{"start":{"line":82,"column":2},"end":{"line":82,"column":58}},"18":{"start":{"line":84,"column":33},"end":{"line":89,"column":4}},"19":{"start":{"line":91,"column":2},"end":{"line":93,"column":3}},"20":{"start":{"line":92,"column":4},"end":{"line":92,"column":57}},"21":{"start":{"line":95,"column":2},"end":{"line":102,"column":4}},"22":{"start":{"line":105,"column":15},"end":{"line":172,"column":1}},"23":{"start":{"line":106,"column":2},"end":{"line":106,"column":57}},"24":{"start":{"line":110,"column":15},"end":{"line":110,"column":48}},"25":{"start":{"line":113,"column":17},"end":{"line":113,"column":19}},"26":{"start":{"line":115,"column":2},"end":{"line":117,"column":4}},"27":{"start":{"line":119,"column":2},"end":{"line":134,"column":3}},"28":{"start":{"line":120,"column":4},"end":{"line":133,"column":6}},"29":{"start":{"line":135,"column":2},"end":{"line":141,"column":3}},"30":{"start":{"line":136,"column":4},"end":{"line":140,"column":6}},"31":{"start":{"line":142,"column":2},"end":{"line":148,"column":3}},"32":{"start":{"line":143,"column":4},"end":{"line":147,"column":6}},"33":{"start":{"line":150,"column":19},"end":{"line":156,"column":4}},"34":{"start":{"line":158,"column":21},"end":{"line":162,"column":4}},"35":{"start":{"line":164,"column":2},"end":{"line":171,"column":3}}},"fnMap":{"0":{"name":"(anonymous_0)","decl":{"start":{"line":6,"column":15},"end":{"line":6,"column":16}},"loc":{"start":{"line":6,"column":40},"end":{"line":20,"column":1}},"line":6},"1":{"name":"(anonymous_1)","decl":{"start":{"line":22,"column":12},"end":{"line":22,"column":13}},"loc":{"start":{"line":22,"column":39},"end":{"line":44,"column":1}},"line":22},"2":{"name":"(anonymous_2)","decl":{"start":{"line":46,"column":15},"end":{"line":46,"column":16}},"loc":{"start":{"line":46,"column":40},"end":{"line":79,"column":1}},"line":46},"3":{"name":"(anonymous_3)","decl":{"start":{"line":81,"column":15},"end":{"line":81,"column":16}},"loc":{"start":{"line":81,"column":42},"end":{"line":103,"column":1}},"line":81},"4":{"name":"(anonymous_4)","decl":{"start":{"line":105,"column":15},"end":{"line":105,"column":16}},"loc":{"start":{"line":105,"column":40},"end":{"line":172,"column":1}},"line":105}},"branchMap":{"0":{"loc":{"start":{"line":39,"column":2},"end":{"line":41,"column":3}},"type":"if","locations":[{"start":{"line":39,"column":2},"end":{"line":41,"column":3}},{"start":{},"end":{}}],"line":39},"1":{"loc":{"start":{"line":57,"column":2},"end":{"line":59,"column":3}},"type":"if","locations":[{"start":{"line":57,"column":2},"end":{"line":59,"column":3}},{"start":{},"end":{}}],"line":57},"2":{"loc":{"start":{"line":91,"column":2},"end":{"line":93,"column":3}},"type":"if","locations":[{"start":{"line":91,"column":2},"end":{"line":93,"column":3}},{"start":{},"end":{}}],"line":91},"3":{"loc":{"start":{"line":119,"column":2},"end":{"line":134,"column":3}},"type":"if","locations":[{"start":{"line":119,"column":2},"end":{"line":134,"column":3}},{"start":{},"end":{}}],"line":119},"4":{"loc":{"start":{"line":135,"column":2},"end":{"line":141,"column":3}},"type":"if","locations":[{"start":{"line":135,"column":2},"end":{"line":141,"column":3}},{"start":{},"end":{}}],"line":135},"5":{"loc":{"start":{"line":142,"column":2},"end":{"line":148,"column":3}},"type":"if","locations":[{"start":{"line":142,"column":2},"end":{"line":148,"column":3}},{"start":{},"end":{}}],"line":142}},"s":{"0":3,"1":2,"2":1,"3":1,"4":3,"5":2,"6":2,"7":2,"8":1,"9":1,"10":3,"11":3,"12":2,"13":2,"14":1,"15":1,"16":3,"17":2,"18":2,"19":2,"20":1,"21":1,"22":3,"23":5,"24":5,"25":5,"26":5,"27":5,"28":3,"29":5,"30":0,"31":5,"32":2,"33":5,"34":5,"35":5},"f":{"0":2,"1":2,"2":3,"3":2,"4":5},"b":{"0":[1,1],"1":[1,1],"2":[1,1],"3":[3,2],"4":[0,5],"5":[2,3]},"_coverageSchema":"1a1c01bbd47fc00a2c39e90264f33305004495a9","hash":"916d81d0cfa9e789740d7343f95b17f7c84a0b45"}
,"C:\\Users\\indra\\Documents\\node js\\NodeJs Rest Api\\src\\service\\user-service.js": {"path":"C:\\Users\\indra\\Documents\\node js\\NodeJs Rest Api\\src\\service\\user-service.js","statementMap":{"0":{"start":{"line":8,"column":17},"end":{"line":30,"column":1}},"1":{"start":{"line":9,"column":15},"end":{"line":9,"column":58}},"2":{"start":{"line":11,"column":20},"end":{"line":15,"column":4}},"3":{"start":{"line":17,"column":2},"end":{"line":19,"column":3}},"4":{"start":{"line":18,"column":4},"end":{"line":18,"column":60}},"5":{"start":{"line":21,"column":2},"end":{"line":21,"column":55}},"6":{"start":{"line":23,"column":2},"end":{"line":29,"column":4}},"7":{"start":{"line":32,"column":14},"end":{"line":65,"column":1}},"8":{"start":{"line":33,"column":23},"end":{"line":33,"column":63}},"9":{"start":{"line":35,"column":15},"end":{"line":43,"column":4}},"10":{"start":{"line":45,"column":2},"end":{"line":47,"column":3}},"11":{"start":{"line":46,"column":4},"end":{"line":46,"column":63}},"12":{"start":{"line":49,"column":26},"end":{"line":49,"column":84}},"13":{"start":{"line":50,"column":2},"end":{"line":52,"column":3}},"14":{"start":{"line":51,"column":4},"end":{"line":51,"column":63}},"15":{"start":{"line":54,"column":2},"end":{"line":64,"column":5}},"16":{"start":{"line":67,"column":12},"end":{"line":85,"column":1}},"17":{"start":{"line":68,"column":2},"end":{"line":68,"column":53}},"18":{"start":{"line":70,"column":15},"end":{"line":78,"column":4}},"19":{"start":{"line":80,"column":2},"end":{"line":82,"column":3}},"20":{"start":{"line":81,"column":4},"end":{"line":81,"column":53}},"21":{"start":{"line":84,"column":2},"end":{"line":84,"column":14}},"22":{"start":{"line":87,"column":15},"end":{"line":118,"column":1}},"23":{"start":{"line":88,"column":15},"end":{"line":88,"column":56}},"24":{"start":{"line":90,"column":30},"end":{"line":94,"column":4}},"25":{"start":{"line":96,"column":2},"end":{"line":98,"column":3}},"26":{"start":{"line":97,"column":4},"end":{"line":97,"column":54}},"27":{"start":{"line":100,"column":15},"end":{"line":100,"column":17}},"28":{"start":{"line":101,"column":2},"end":{"line":103,"column":3}},"29":{"start":{"line":102,"column":4},"end":{"line":102,"column":26}},"30":{"start":{"line":104,"column":2},"end":{"line":106,"column":3}},"31":{"start":{"line":105,"column":4},"end":{"line":105,"column":57}},"32":{"start":{"line":108,"column":2},"end":{"line":117,"column":5}},"33":{"start":{"line":120,"column":15},"end":{"line":144,"column":1}},"34":{"start":{"line":121,"column":2},"end":{"line":121,"column":53}},"35":{"start":{"line":123,"column":15},"end":{"line":127,"column":4}},"36":{"start":{"line":129,"column":2},"end":{"line":131,"column":3}},"37":{"start":{"line":130,"column":4},"end":{"line":130,"column":54}},"38":{"start":{"line":133,"column":2},"end":{"line":143,"column":5}}},"fnMap":{"0":{"name":"(anonymous_0)","decl":{"start":{"line":8,"column":17},"end":{"line":8,"column":18}},"loc":{"start":{"line":8,"column":36},"end":{"line":30,"column":1}},"line":8},"1":{"name":"(anonymous_1)","decl":{"start":{"line":32,"column":14},"end":{"line":32,"column":15}},"loc":{"start":{"line":32,"column":33},"end":{"line":65,"column":1}},"line":32},"2":{"name":"(anonymous_2)","decl":{"start":{"line":67,"column":12},"end":{"line":67,"column":13}},"loc":{"start":{"line":67,"column":32},"end":{"line":85,"column":1}},"line":67},"3":{"name":"(anonymous_3)","decl":{"start":{"line":87,"column":15},"end":{"line":87,"column":16}},"loc":{"start":{"line":87,"column":34},"end":{"line":118,"column":1}},"line":87},"4":{"name":"(anonymous_4)","decl":{"start":{"line":120,"column":15},"end":{"line":120,"column":16}},"loc":{"start":{"line":120,"column":35},"end":{"line":144,"column":1}},"line":120}},"branchMap":{"0":{"loc":{"start":{"line":17,"column":2},"end":{"line":19,"column":3}},"type":"if","locations":[{"start":{"line":17,"column":2},"end":{"line":19,"column":3}},{"start":{},"end":{}}],"line":17},"1":{"loc":{"start":{"line":45,"column":2},"end":{"line":47,"column":3}},"type":"if","locations":[{"start":{"line":45,"column":2},"end":{"line":47,"column":3}},{"start":{},"end":{}}],"line":45},"2":{"loc":{"start":{"line":50,"column":2},"end":{"line":52,"column":3}},"type":"if","locations":[{"start":{"line":50,"column":2},"end":{"line":52,"column":3}},{"start":{},"end":{}}],"line":50},"3":{"loc":{"start":{"line":80,"column":2},"end":{"line":82,"column":3}},"type":"if","locations":[{"start":{"line":80,"column":2},"end":{"line":82,"column":3}},{"start":{},"end":{}}],"line":80},"4":{"loc":{"start":{"line":96,"column":2},"end":{"line":98,"column":3}},"type":"if","locations":[{"start":{"line":96,"column":2},"end":{"line":98,"column":3}},{"start":{},"end":{}}],"line":96},"5":{"loc":{"start":{"line":101,"column":2},"end":{"line":103,"column":3}},"type":"if","locations":[{"start":{"line":101,"column":2},"end":{"line":103,"column":3}},{"start":{},"end":{}}],"line":101},"6":{"loc":{"start":{"line":104,"column":2},"end":{"line":106,"column":3}},"type":"if","locations":[{"start":{"line":104,"column":2},"end":{"line":106,"column":3}},{"start":{},"end":{}}],"line":104},"7":{"loc":{"start":{"line":129,"column":2},"end":{"line":131,"column":3}},"type":"if","locations":[{"start":{"line":129,"column":2},"end":{"line":131,"column":3}},{"start":{},"end":{}}],"line":129}},"s":{"0":3,"1":4,"2":3,"3":3,"4":1,"5":2,"6":2,"7":3,"8":4,"9":3,"10":3,"11":1,"12":2,"13":2,"14":1,"15":1,"16":3,"17":1,"18":1,"19":1,"20":0,"21":1,"22":3,"23":4,"24":4,"25":4,"26":0,"27":4,"28":4,"29":2,"30":4,"31":2,"32":4,"33":3,"34":1,"35":1,"36":1,"37":0,"38":1},"f":{"0":4,"1":4,"2":1,"3":4,"4":1},"b":{"0":[1,2],"1":[1,2],"2":[1,1],"3":[0,1],"4":[0,4],"5":[2,2],"6":[2,2],"7":[0,1]},"_coverageSchema":"1a1c01bbd47fc00a2c39e90264f33305004495a9","hash":"6ae6f21f273c67161288bd121d2714c69a8ac23b"}
,"C:\\Users\\indra\\Documents\\node js\\NodeJs Rest Api\\src\\validation\\address-validation.js": {"path":"C:\\Users\\indra\\Documents\\node js\\NodeJs Rest Api\\src\\validation\\address-validation.js","statementMap":{"0":{"start":{"line":3,"column":32},"end":{"line":9,"column":2}},"1":{"start":{"line":11,"column":29},"end":{"line":11,"column":70}},"2":{"start":{"line":13,"column":32},"end":{"line":20,"column":2}}},"fnMap":{},"branchMap":{},"s":{"0":3,"1":3,"2":3},"f":{},"b":{},"_coverageSchema":"1a1c01bbd47fc00a2c39e90264f33305004495a9","hash":"7f205dee76162f2f2c13ca83510be7bfb4044e64"}
,"C:\\Users\\indra\\Documents\\node js\\NodeJs Rest Api\\src\\validation\\contact-validation.js": {"path":"C:\\Users\\indra\\Documents\\node js\\NodeJs Rest Api\\src\\validation\\contact-validation.js","statementMap":{"0":{"start":{"line":3,"column":32},"end":{"line":8,"column":2}},"1":{"start":{"line":10,"column":29},"end":{"line":10,"column":63}},"2":{"start":{"line":12,"column":32},"end":{"line":18,"column":2}},"3":{"start":{"line":20,"column":32},"end":{"line":26,"column":2}}},"fnMap":{},"branchMap":{},"s":{"0":3,"1":3,"2":3,"3":3},"f":{},"b":{},"_coverageSchema":"1a1c01bbd47fc00a2c39e90264f33305004495a9","hash":"8bf603e98d2d9564b2c3dabd314c395e433942e4"}
,"C:\\Users\\indra\\Documents\\node js\\NodeJs Rest Api\\src\\validation\\user-validation.js": {"path":"C:\\Users\\indra\\Documents\\node js\\NodeJs Rest Api\\src\\validation\\user-validation.js","statementMap":{"0":{"start":{"line":3,"column":31},"end":{"line":7,"column":2}},"1":{"start":{"line":9,"column":28},"end":{"line":12,"column":2}},"2":{"start":{"line":14,"column":26},"end":{"line":14,"column":58}},"3":{"start":{"line":16,"column":29},"end":{"line":20,"column":2}}},"fnMap":{},"branchMap":{},"s":{"0":3,"1":3,"2":3,"3":3},"f":{},"b":{},"_coverageSchema":"1a1c01bbd47fc00a2c39e90264f33305004495a9","hash":"32bb85caef093ede630dc098aa570786d3953fb7"}
,"C:\\Users\\indra\\Documents\\node js\\NodeJs Rest Api\\src\\validation\\validation.js": {"path":"C:\\Users\\indra\\Documents\\node js\\NodeJs Rest Api\\src\\validation\\validation.js","statementMap":{"0":{"start":{"line":3,"column":19},"end":{"line":15,"column":1}},"1":{"start":{"line":4,"column":17},"end":{"line":7,"column":4}},"2":{"start":{"line":9,"column":2},"end":{"line":13,"column":3}},"3":{"start":{"line":10,"column":4},"end":{"line":10,"column":55}},"4":{"start":{"line":12,"column":4},"end":{"line":12,"column":24}}},"fnMap":{"0":{"name":"(anonymous_0)","decl":{"start":{"line":3,"column":19},"end":{"line":3,"column":20}},"loc":{"start":{"line":3,"column":40},"end":{"line":15,"column":1}},"line":3}},"branchMap":{"0":{"loc":{"start":{"line":9,"column":2},"end":{"line":13,"column":3}},"type":"if","locations":[{"start":{"line":9,"column":2},"end":{"line":13,"column":3}},{"start":{"line":11,"column":9},"end":{"line":13,"column":3}}],"line":9}},"s":{"0":3,"1":52,"2":52,"3":6,"4":46},"f":{"0":52},"b":{"0":[6,46]},"_coverageSchema":"1a1c01bbd47fc00a2c39e90264f33305004495a9","hash":"6eff41e87305b01ad2c27155494ae7f090b9ec1f"}
,"C:\\Users\\indra\\Documents\\node js\\NodeJs Rest Api\\tests\\test.util.js": {"path":"C:\\Users\\indra\\Documents\\node js\\NodeJs Rest Api\\tests\\test.util.js","statementMap":{"0":{"start":{"line":4,"column":30},"end":{"line":10,"column":1}},"1":{"start":{"line":5,"column":2},"end":{"line":9,"column":5}},"2":{"start":{"line":12,"column":30},"end":{"line":23,"column":1}},"3":{"start":{"line":13,"column":25},"end":{"line":13,"column":57}},"4":{"start":{"line":15,"column":2},"end":{"line":22,"column":5}},"5":{"start":{"line":25,"column":27},"end":{"line":31,"column":1}},"6":{"start":{"line":26,"column":2},"end":{"line":30,"column":5}},"7":{"start":{"line":33,"column":36},"end":{"line":39,"column":1}},"8":{"start":{"line":34,"column":2},"end":{"line":38,"column":5}},"9":{"start":{"line":41,"column":33},"end":{"line":51,"column":1}},"10":{"start":{"line":42,"column":2},"end":{"line":50,"column":5}},"11":{"start":{"line":53,"column":37},"end":{"line":65,"column":1}},"12":{"start":{"line":54,"column":2},"end":{"line":64,"column":3}},"13":{"start":{"line":54,"column":15},"end":{"line":54,"column":16}},"14":{"start":{"line":55,"column":4},"end":{"line":63,"column":7}},"15":{"start":{"line":67,"column":30},"end":{"line":73,"column":1}},"16":{"start":{"line":68,"column":2},"end":{"line":72,"column":4}},"17":{"start":{"line":75,"column":33},"end":{"line":88,"column":1}},"18":{"start":{"line":76,"column":18},"end":{"line":76,"column":40}},"19":{"start":{"line":78,"column":2},"end":{"line":87,"column":4}},"20":{"start":{"line":90,"column":37},"end":{"line":105,"column":1}},"21":{"start":{"line":91,"column":18},"end":{"line":91,"column":40}},"22":{"start":{"line":93,"column":2},"end":{"line":104,"column":3}},"23":{"start":{"line":93,"column":15},"end":{"line":93,"column":16}},"24":{"start":{"line":94,"column":4},"end":{"line":103,"column":7}},"25":{"start":{"line":107,"column":36},"end":{"line":115,"column":1}},"26":{"start":{"line":108,"column":2},"end":{"line":114,"column":5}},"27":{"start":{"line":117,"column":30},"end":{"line":125,"column":1}},"28":{"start":{"line":118,"column":18},"end":{"line":118,"column":40}},"29":{"start":{"line":120,"column":2},"end":{"line":124,"column":5}}},"fnMap":{"0":{"name":"(anonymous_0)","decl":{"start":{"line":4,"column":30},"end":{"line":4,"column":31}},"loc":{"start":{"line":4,"column":36},"end":{"line":10,"column":1}},"line":4},"1":{"name":"(anonymous_1)","decl":{"start":{"line":12,"column":30},"end":{"line":12,"column":31}},"loc":{"start":{"line":12,"column":42},"end":{"line":23,"column":1}},"line":12},"2":{"name":"(anonymous_2)","decl":{"start":{"line":25,"column":27},"end":{"line":25,"column":28}},"loc":{"start":{"line":25,"column":33},"end":{"line":31,"column":1}},"line":25},"3":{"name":"(anonymous_3)","decl":{"start":{"line":33,"column":36},"end":{"line":33,"column":37}},"loc":{"start":{"line":33,"column":42},"end":{"line":39,"column":1}},"line":33},"4":{"name":"(anonymous_4)","decl":{"start":{"line":41,"column":33},"end":{"line":41,"column":34}},"loc":{"start":{"line":41,"column":39},"end":{"line":51,"column":1}},"line":41},"5":{"name":"(anonymous_5)","decl":{"start":{"line":53,"column":37},"end":{"line":53,"column":38}},"loc":{"start":{"line":53,"column":49},"end":{"line":65,"column":1}},"line":53},"6":{"name":"(anonymous_6)","decl":{"start":{"line":67,"column":30},"end":{"line":67,"column":31}},"loc":{"start":{"line":67,"column":36},"end":{"line":73,"column":1}},"line":67},"7":{"name":"(anonymous_7)","decl":{"start":{"line":75,"column":33},"end":{"line":75,"column":34}},"loc":{"start":{"line":75,"column":45},"end":{"line":88,"column":1}},"line":75},"8":{"name":"(anonymous_8)","decl":{"start":{"line":90,"column":37},"end":{"line":90,"column":38}},"loc":{"start":{"line":90,"column":49},"end":{"line":105,"column":1}},"line":90},"9":{"name":"(anonymous_9)","decl":{"start":{"line":107,"column":36},"end":{"line":107,"column":37}},"loc":{"start":{"line":107,"column":42},"end":{"line":115,"column":1}},"line":107},"10":{"name":"(anonymous_10)","decl":{"start":{"line":117,"column":30},"end":{"line":117,"column":31}},"loc":{"start":{"line":117,"column":42},"end":{"line":125,"column":1}},"line":117}},"branchMap":{},"s":{"0":3,"1":46,"2":3,"3":43,"4":43,"5":3,"6":5,"7":3,"8":29,"9":3,"10":22,"11":3,"12":5,"13":5,"14":75,"15":3,"16":44,"17":3,"18":10,"19":10,"20":3,"21":2,"22":2,"23":2,"24":30,"25":3,"26":15,"27":3,"28":12,"29":12},"f":{"0":46,"1":43,"2":5,"3":29,"4":22,"5":5,"6":44,"7":10,"8":2,"9":15,"10":12},"b":{},"_coverageSchema":"1a1c01bbd47fc00a2c39e90264f33305004495a9","hash":"2ca5910a8b86bf9602da4a184404bb6de9e83bf2"}
}
