TN:
SF:src\application\database.js
FN:26,(anonymous_0)
FN:29,(anonymous_1)
FN:32,(anonymous_2)
FN:35,(anonymous_3)
FNF:4
FNH:2
FNDA:0,(anonymous_0)
FNDA:3,(anonymous_1)
FNDA:1022,(anonymous_2)
FNDA:0,(anonymous_3)
DA:4,3
DA:26,3
DA:27,0
DA:29,3
DA:30,3
DA:32,3
DA:33,1022
DA:35,3
DA:36,0
LF:9
LH:7
BRF:0
BRH:0
end_of_record
TN:
SF:src\application\logging.js
FNF:0
FNH:0
DA:3,3
LF:1
LH:1
BRF:0
BRH:0
end_of_record
TN:
SF:src\application\web.js
FNF:0
FNH:0
DA:6,3
DA:9,3
DA:12,3
DA:15,3
DA:18,3
LF:5
LH:5
BRF:0
BRH:0
end_of_record
TN:
SF:src\controller\address-controller.js
FN:3,(anonymous_0)
FN:19,(anonymous_1)
FN:35,(anonymous_2)
FN:52,(anonymous_3)
FN:68,(anonymous_4)
FNF:5
FNH:5
FNDA:3,(anonymous_0)
FNDA:3,(anonymous_1)
FNDA:4,(anonymous_2)
FNDA:3,(anonymous_3)
FNDA:2,(anonymous_4)
DA:3,3
DA:4,3
DA:5,3
DA:6,3
DA:7,3
DA:9,3
DA:11,1
DA:15,2
DA:19,3
DA:20,3
DA:21,3
DA:22,3
DA:23,3
DA:25,3
DA:27,1
DA:31,2
DA:35,3
DA:36,4
DA:37,4
DA:38,4
DA:39,4
DA:40,4
DA:42,4
DA:44,1
DA:48,3
DA:52,3
DA:53,3
DA:54,3
DA:55,3
DA:56,3
DA:58,3
DA:60,1
DA:64,2
DA:68,3
DA:69,2
DA:70,2
DA:71,2
DA:73,2
DA:75,1
DA:79,1
LF:40
LH:40
BRF:0
BRH:0
end_of_record
TN:
SF:src\controller\contact-controller.js
FN:4,(anonymous_0)
FN:16,(anonymous_1)
FN:30,(anonymous_2)
FN:47,(anonymous_3)
FN:61,(anonymous_4)
FNF:5
FNH:5
FNDA:2,(anonymous_0)
FNDA:2,(anonymous_1)
FNDA:3,(anonymous_2)
FNDA:2,(anonymous_3)
FNDA:5,(anonymous_4)
DA:4,3
DA:5,2
DA:6,2
DA:8,1
DA:12,1
DA:16,3
DA:17,2
DA:18,2
DA:19,2
DA:20,2
DA:22,1
DA:26,1
DA:30,3
DA:31,3
DA:32,3
DA:33,3
DA:34,3
DA:35,3
DA:37,3
DA:39,1
DA:43,2
DA:47,3
DA:48,2
DA:49,2
DA:50,2
DA:51,2
DA:53,1
DA:57,1
DA:61,3
DA:62,5
DA:63,5
DA:64,5
DA:72,5
DA:74,5
DA:79,0
LF:35
LH:34
BRF:0
BRH:0
end_of_record
TN:
SF:src\controller\user-controller.js
FN:3,(anonymous_0)
FN:15,(anonymous_1)
FN:27,(anonymous_2)
FN:40,(anonymous_3)
FN:54,(anonymous_4)
FNF:5
FNH:5
FNDA:4,(anonymous_0)
FNDA:4,(anonymous_1)
FNDA:1,(anonymous_2)
FNDA:4,(anonymous_3)
FNDA:1,(anonymous_4)
DA:3,3
DA:4,4
DA:5,4
DA:7,2
DA:11,2
DA:15,3
DA:16,4
DA:17,4
DA:19,1
DA:23,3
DA:27,3
DA:28,1
DA:29,1
DA:30,1
DA:32,1
DA:36,0
DA:40,3
DA:41,4
DA:42,4
DA:44,4
DA:46,4
DA:50,0
DA:54,3
DA:55,1
DA:56,1
DA:57,1
DA:59,1
DA:63,0
LF:28
LH:25
BRF:0
BRH:0
end_of_record
TN:
SF:src\error\response-error.js
FN:4,(anonymous_0)
FNF:1
FNH:1
FNDA:20,(anonymous_0)
DA:5,20
DA:6,20
LF:2
LH:2
BRF:0
BRH:0
end_of_record
TN:
SF:src\middleware\auth-middleware.js
FN:3,(anonymous_0)
FNF:1
FNH:1
FNDA:39,(anonymous_0)
DA:3,3
DA:4,39
DA:6,39
DA:7,1
DA:11,38
DA:17,38
DA:18,3
DA:22,35
DA:23,35
LF:9
LH:9
BRDA:6,0,0,1
BRDA:6,0,1,38
BRDA:17,1,0,3
BRDA:17,1,1,35
BRF:4
BRH:4
end_of_record
TN:
SF:src\middleware\error-middleware.js
FN:3,(anonymous_0)
FNF:1
FNH:1
FNDA:20,(anonymous_0)
DA:3,3
DA:4,20
DA:5,0
DA:6,0
DA:9,20
DA:10,20
DA:14,0
LF:7
LH:4
BRDA:4,0,0,0
BRDA:4,0,1,20
BRDA:9,1,0,20
BRDA:9,1,1,0
BRF:4
BRH:2
end_of_record
TN:
SF:src\route\api.js
FNF:0
FNH:0
DA:7,3
DA:9,3
DA:12,3
DA:13,3
DA:14,3
DA:17,3
DA:18,3
DA:19,3
DA:20,3
DA:21,3
DA:24,3
DA:25,3
DA:26,3
DA:27,3
DA:28,3
LF:15
LH:15
BRF:0
BRH:0
end_of_record
TN:
SF:src\route\public-api.js
FNF:0
FNH:0
DA:4,3
DA:6,3
DA:7,3
LF:3
LH:3
BRF:0
BRH:0
end_of_record
TN:
SF:src\service\address-service.js
FN:7,(anonymous_0)
FN:24,(anonymous_1)
FN:43,(anonymous_2)
FN:70,(anonymous_3)
FN:107,(anonymous_4)
FN:130,(anonymous_5)
FNF:6
FNH:6
FNDA:15,(anonymous_0)
FNDA:3,(anonymous_1)
FNDA:3,(anonymous_2)
FNDA:4,(anonymous_3)
FNDA:3,(anonymous_4)
FNDA:2,(anonymous_5)
DA:7,3
DA:8,15
DA:10,15
DA:17,15
DA:18,5
DA:21,10
DA:24,3
DA:25,3
DA:27,2
DA:28,1
DA:30,1
DA:43,3
DA:44,3
DA:46,2
DA:48,2
DA:63,2
DA:64,1
DA:67,1
DA:70,3
DA:71,4
DA:72,3
DA:74,2
DA:81,2
DA:82,1
DA:85,1
DA:107,3
DA:108,3
DA:109,2
DA:111,2
DA:118,2
DA:119,1
DA:122,1
DA:130,3
DA:131,2
DA:133,1
LF:35
LH:35
BRDA:17,0,0,5
BRDA:17,0,1,10
BRDA:63,1,0,1
BRDA:63,1,1,1
BRDA:81,2,0,1
BRDA:81,2,1,1
BRDA:118,3,0,1
BRDA:118,3,1,1
BRF:8
BRH:8
end_of_record
TN:
SF:src\service\contact-service.js
FN:6,(anonymous_0)
FN:22,(anonymous_1)
FN:46,(anonymous_2)
FN:81,(anonymous_3)
FN:105,(anonymous_4)
FNF:5
FNH:5
FNDA:2,(anonymous_0)
FNDA:2,(anonymous_1)
FNDA:3,(anonymous_2)
FNDA:2,(anonymous_3)
FNDA:5,(anonymous_4)
DA:6,3
DA:7,2
DA:8,1
DA:10,1
DA:22,3
DA:23,2
DA:25,2
DA:39,2
DA:40,1
DA:43,1
DA:46,3
DA:47,3
DA:49,2
DA:57,2
DA:58,1
DA:61,1
DA:81,3
DA:82,2
DA:84,2
DA:91,2
DA:92,1
DA:95,1
DA:105,3
DA:106,5
DA:110,5
DA:113,5
DA:115,5
DA:119,5
DA:120,3
DA:135,5
DA:136,0
DA:142,5
DA:143,2
DA:150,5
DA:158,5
DA:164,5
LF:36
LH:35
BRDA:39,0,0,1
BRDA:39,0,1,1
BRDA:57,1,0,1
BRDA:57,1,1,1
BRDA:91,2,0,1
BRDA:91,2,1,1
BRDA:119,3,0,3
BRDA:119,3,1,2
BRDA:135,4,0,0
BRDA:135,4,1,5
BRDA:142,5,0,2
BRDA:142,5,1,3
BRF:12
BRH:11
end_of_record
TN:
SF:src\service\user-service.js
FN:8,(anonymous_0)
FN:32,(anonymous_1)
FN:67,(anonymous_2)
FN:87,(anonymous_3)
FN:120,(anonymous_4)
FNF:5
FNH:5
FNDA:4,(anonymous_0)
FNDA:4,(anonymous_1)
FNDA:1,(anonymous_2)
FNDA:4,(anonymous_3)
FNDA:1,(anonymous_4)
DA:8,3
DA:9,4
DA:11,3
DA:17,3
DA:18,1
DA:21,2
DA:23,2
DA:32,3
DA:33,4
DA:35,3
DA:45,3
DA:46,1
DA:49,2
DA:50,2
DA:51,1
DA:54,1
DA:67,3
DA:68,1
DA:70,1
DA:80,1
DA:81,0
DA:84,1
DA:87,3
DA:88,4
DA:90,4
DA:96,4
DA:97,0
DA:100,4
DA:101,4
DA:102,2
DA:104,4
DA:105,2
DA:108,4
DA:120,3
DA:121,1
DA:123,1
DA:129,1
DA:130,0
DA:133,1
LF:39
LH:36
BRDA:17,0,0,1
BRDA:17,0,1,2
BRDA:45,1,0,1
BRDA:45,1,1,2
BRDA:50,2,0,1
BRDA:50,2,1,1
BRDA:80,3,0,0
BRDA:80,3,1,1
BRDA:96,4,0,0
BRDA:96,4,1,4
BRDA:101,5,0,2
BRDA:101,5,1,2
BRDA:104,6,0,2
BRDA:104,6,1,2
BRDA:129,7,0,0
BRDA:129,7,1,1
BRF:16
BRH:13
end_of_record
TN:
SF:src\validation\address-validation.js
FNF:0
FNH:0
DA:3,3
DA:11,3
DA:13,3
LF:3
LH:3
BRF:0
BRH:0
end_of_record
TN:
SF:src\validation\contact-validation.js
FNF:0
FNH:0
DA:3,3
DA:10,3
DA:12,3
DA:20,3
LF:4
LH:4
BRF:0
BRH:0
end_of_record
TN:
SF:src\validation\user-validation.js
FNF:0
FNH:0
DA:3,3
DA:9,3
DA:14,3
DA:16,3
LF:4
LH:4
BRF:0
BRH:0
end_of_record
TN:
SF:src\validation\validation.js
FN:3,(anonymous_0)
FNF:1
FNH:1
FNDA:52,(anonymous_0)
DA:3,3
DA:4,52
DA:9,52
DA:10,6
DA:12,46
LF:5
LH:5
BRDA:9,0,0,6
BRDA:9,0,1,46
BRF:2
BRH:2
end_of_record
TN:
SF:tests\test.util.js
FN:4,(anonymous_0)
FN:12,(anonymous_1)
FN:25,(anonymous_2)
FN:33,(anonymous_3)
FN:41,(anonymous_4)
FN:53,(anonymous_5)
FN:67,(anonymous_6)
FN:75,(anonymous_7)
FN:90,(anonymous_8)
FN:107,(anonymous_9)
FN:117,(anonymous_10)
FNF:11
FNH:11
FNDA:46,(anonymous_0)
FNDA:43,(anonymous_1)
FNDA:5,(anonymous_2)
FNDA:29,(anonymous_3)
FNDA:22,(anonymous_4)
FNDA:5,(anonymous_5)
FNDA:44,(anonymous_6)
FNDA:10,(anonymous_7)
FNDA:2,(anonymous_8)
FNDA:15,(anonymous_9)
FNDA:12,(anonymous_10)
DA:4,3
DA:5,46
DA:12,3
DA:13,43
DA:15,43
DA:25,3
DA:26,5
DA:33,3
DA:34,29
DA:41,3
DA:42,22
DA:53,3
DA:54,5
DA:55,75
DA:67,3
DA:68,44
DA:75,3
DA:76,10
DA:78,10
DA:90,3
DA:91,2
DA:93,2
DA:94,30
DA:107,3
DA:108,15
DA:117,3
DA:118,12
DA:120,12
LF:28
LH:28
BRF:0
BRH:0
end_of_record
